# JRE version: OpenJDK Runtime Environment (8.0_202-b03) (build 1.8.0_202-release-1483-b03)
# Java VM: OpenJDK 64-Bit Server VM (25.202-b03 mixed mode windows-amd64 compressed oops)
Heap:
 PSYoungGen      total 444928K, used 38321K [0x00000000e0000000, 0x00000000ffb80000, 0x0000000100000000)
  eden space 373248K, 6% used [0x00000000e0000000,0x00000000e1872a00,0x00000000f6c80000)
  from space 71680K, 18% used [0x00000000fb580000,0x00000000fc279a40,0x00000000ffb80000)
  to   space 73216K, 0% used [0x00000000f6c80000,0x00000000f6c80000,0x00000000fb400000)
 ParOldGen       total 410624K, used 316600K [0x00000000a0000000, 0x00000000b9100000, 0x00000000e0000000)
  object space 410624K, 77% used [0x00000000a0000000,0x00000000b352e1b8,0x00000000b9100000)
 Metaspace       used 159664K, capacity 170058K, committed 177064K, reserved 1204224K
  class space    used 19545K, capacity 21246K, committed 22440K, reserved 1048576K
GC Heap History (10 events):
Event: 21618.205 GC heap before
{Heap before GC invocations=183 (full 9):
 PSYoungGen      total 437248K, used 386655K [0x00000000e0000000, 0x0000000100000000, 0x0000000100000000)
  eden space 350208K, 100% used [0x00000000e0000000,0x00000000f5600000,0x00000000f5600000)
  from space 87040K, 41% used [0x00000000f5600000,0x00000000f7997da0,0x00000000fab00000)
  to   space 82432K, 0% used [0x00000000faf80000,0x00000000faf80000,0x0000000100000000)
 ParOldGen       total 410624K, used 266093K [0x00000000a0000000, 0x00000000b9100000, 0x00000000e0000000)
  object space 410624K, 64% used [0x00000000a0000000,0x00000000b03db6d8,0x00000000b9100000)
 Metaspace       used 156470K, capacity 165516K, committed 177064K, reserved 1204224K
  class space    used 18983K, capacity 20437K, committed 22440K, reserved 1048576K
Event: 21618.228 GC heap after
Heap after GC invocations=183 (full 9):
 PSYoungGen      total 427520K, used 21302K [0x00000000e0000000, 0x00000000ff680000, 0x0000000100000000)
  eden space 354816K, 0% used [0x00000000e0000000,0x00000000e0000000,0x00000000f5a80000)
  from space 72704K, 29% used [0x00000000faf80000,0x00000000fc44d8e0,0x00000000ff680000)
  to   space 79872K, 0% used [0x00000000f5a80000,0x00000000f5a80000,0x00000000fa880000)
 ParOldGen       total 410624K, used 298147K [0x00000000a0000000, 0x00000000b9100000, 0x00000000e0000000)
  object space 410624K, 72% used [0x00000000a0000000,0x00000000b2328fd0,0x00000000b9100000)
 Metaspace       used 156470K, capacity 165516K, committed 177064K, reserved 1204224K
  class space    used 18983K, capacity 20437K, committed 22440K, reserved 1048576K
}
Event: 21619.043 GC heap before
{Heap before GC invocations=184 (full 9):
 PSYoungGen      total 427520K, used 376118K [0x00000000e0000000, 0x00000000ff680000, 0x0000000100000000)
  eden space 354816K, 100% used [0x00000000e0000000,0x00000000f5a80000,0x00000000f5a80000)
  from space 72704K, 29% used [0x00000000faf80000,0x00000000fc44d8e0,0x00000000ff680000)
  to   space 79872K, 0% used [0x00000000f5a80000,0x00000000f5a80000,0x00000000fa880000)
 ParOldGen       total 410624K, used 298147K [0x00000000a0000000, 0x00000000b9100000, 0x00000000e0000000)
  object space 410624K, 72% used [0x00000000a0000000,0x00000000b2328fd0,0x00000000b9100000)
 Metaspace       used 156470K, capacity 165516K, committed 177064K, reserved 1204224K
  class space    used 18983K, capacity 20437K, committed 22440K, reserved 1048576K
Event: 21619.062 GC heap after
Heap after GC invocations=184 (full 9):
 PSYoungGen      total 434688K, used 43395K [0x00000000e0000000, 0x0000000100000000, 0x0000000100000000)
  eden space 354816K, 0% used [0x00000000e0000000,0x00000000e0000000,0x00000000f5a80000)
  from space 79872K, 54% used [0x00000000f5a80000,0x00000000f84e0cd8,0x00000000fa880000)
  to   space 79360K, 0% used [0x00000000fb280000,0x00000000fb280000,0x0000000100000000)
 ParOldGen       total 410624K, used 302498K [0x00000000a0000000, 0x00000000b9100000, 0x00000000e0000000)
  object space 410624K, 73% used [0x00000000a0000000,0x00000000b2768940,0x00000000b9100000)
 Metaspace       used 156470K, capacity 165516K, committed 177064K, reserved 1204224K
  class space    used 18983K, capacity 20437K, committed 22440K, reserved 1048576K
}
Event: 21620.053 GC heap before
{Heap before GC invocations=185 (full 9):
 PSYoungGen      total 434688K, used 398211K [0x00000000e0000000, 0x0000000100000000, 0x0000000100000000)
  eden space 354816K, 100% used [0x00000000e0000000,0x00000000f5a80000,0x00000000f5a80000)
  from space 79872K, 54% used [0x00000000f5a80000,0x00000000f84e0cd8,0x00000000fa880000)
  to   space 79360K, 0% used [0x00000000fb280000,0x00000000fb280000,0x0000000100000000)
 ParOldGen       total 410624K, used 302506K [0x00000000a0000000, 0x00000000b9100000, 0x00000000e0000000)
  object space 410624K, 73% used [0x00000000a0000000,0x00000000b276a950,0x00000000b9100000)
 Metaspace       used 156472K, capacity 165516K, committed 177064K, reserved 1204224K
  class space    used 18983K, capacity 20437K, committed 22440K, reserved 1048576K
Event: 21620.060 GC heap after
Heap after GC invocations=185 (full 9):
 PSYoungGen      total 438784K, used 20716K [0x00000000e0000000, 0x00000000ffa80000, 0x0000000100000000)
  eden space 365056K, 0% used [0x00000000e0000000,0x00000000e0000000,0x00000000f6480000)
  from space 73728K, 28% used [0x00000000fb280000,0x00000000fc6bb398,0x00000000ffa80000)
  to   space 76800K, 0% used [0x00000000f6480000,0x00000000f6480000,0x00000000faf80000)
 ParOldGen       total 410624K, used 304627K [0x00000000a0000000, 0x00000000b9100000, 0x00000000e0000000)
  object space 410624K, 74% used [0x00000000a0000000,0x00000000b297ceb8,0x00000000b9100000)
 Metaspace       used 156472K, capacity 165516K, committed 177064K, reserved 1204224K
  class space    used 18983K, capacity 20437K, committed 22440K, reserved 1048576K
}
Event: 22261.860 GC heap before
{Heap before GC invocations=186 (full 9):
 PSYoungGen      total 438784K, used 385772K [0x00000000e0000000, 0x00000000ffa80000, 0x0000000100000000)
  eden space 365056K, 100% used [0x00000000e0000000,0x00000000f6480000,0x00000000f6480000)
  from space 73728K, 28% used [0x00000000fb280000,0x00000000fc6bb398,0x00000000ffa80000)
  to   space 76800K, 0% used [0x00000000f6480000,0x00000000f6480000,0x00000000faf80000)
 ParOldGen       total 410624K, used 304634K [0x00000000a0000000, 0x00000000b9100000, 0x00000000e0000000)
  object space 410624K, 74% used [0x00000000a0000000,0x00000000b297eb50,0x00000000b9100000)
 Metaspace       used 158578K, capacity 168488K, committed 177064K, reserved 1204224K
  class space    used 19367K, capacity 21025K, committed 22440K, reserved 1048576K
Event: 22261.878 GC heap after
Heap after GC invocations=186 (full 9):
 PSYoungGen      total 441856K, used 20953K [0x00000000e0000000, 0x00000000ffe00000, 0x0000000100000000)
  eden space 365056K, 0% used [0x00000000e0000000,0x00000000e0000000,0x00000000f6480000)
  from space 76800K, 27% used [0x00000000f6480000,0x00000000f78f6578,0x00000000faf80000)
  to   space 74240K, 0% used [0x00000000fb580000,0x00000000fb580000,0x00000000ffe00000)
 ParOldGen       total 410624K, used 304730K [0x00000000a0000000, 0x00000000b9100000, 0x00000000e0000000)
  object space 410624K, 74% used [0x00000000a0000000,0x00000000b2996ba0,0x00000000b9100000)
 Metaspace       used 158578K, capacity 168488K, committed 177064K, reserved 1204224K
  class space    used 19367K, capacity 21025K, committed 22440K, reserved 1048576K
}
Event: 22265.998 GC heap before
{Heap before GC invocations=187 (full 9):
 PSYoungGen      total 441856K, used 386009K [0x00000000e0000000, 0x00000000ffe00000, 0x0000000100000000)
  eden space 365056K, 100% used [0x00000000e0000000,0x00000000f6480000,0x00000000f6480000)
  from space 76800K, 27% used [0x00000000f6480000,0x00000000f78f6578,0x00000000faf80000)
  to   space 74240K, 0% used [0x00000000fb580000,0x00000000fb580000,0x00000000ffe00000)
 ParOldGen       total 410624K, used 304730K [0x00000000a0000000, 0x00000000b9100000, 0x00000000e0000000)
  object space 410624K, 74% used [0x00000000a0000000,0x00000000b2996ba0,0x00000000b9100000)
 Metaspace       used 159664K, capacity 170058K, committed 177064K, reserved 1204224K
  class space    used 19545K, capacity 21246K, committed 22440K, reserved 1048576K
Event: 22266.014 GC heap after
Heap after GC invocations=187 (full 9):
 PSYoungGen      total 444928K, used 13286K [0x00000000e0000000, 0x00000000ffb80000, 0x0000000100000000)
  eden space 373248K, 0% used [0x00000000e0000000,0x00000000e0000000,0x00000000f6c80000)
  from space 71680K, 18% used [0x00000000fb580000,0x00000000fc279a40,0x00000000ffb80000)
  to   space 73216K, 0% used [0x00000000f6c80000,0x00000000f6c80000,0x00000000fb400000)
 ParOldGen       total 410624K, used 316600K [0x00000000a0000000, 0x00000000b9100000, 0x00000000e0000000)
  object space 410624K, 77% used [0x00000000a0000000,0x00000000b352e1b8,0x00000000b9100000)
 Metaspace       used 159664K, capacity 170058K, committed 177064K, reserved 1204224K
  class space    used 19545K, capacity 21246K, committed 22440K, reserved 1048576K
}

